The system is: Darwin - 12.5.0 - i386
Compiling the C compiler identification source file "CMakeCCompilerId.c" succeeded.
Compiler: /usr/bin/cc 
Build flags: 
Id flags: 

The output was:
0


Compilation of the C compiler identification source "CMakeCCompilerId.c" produced "a.out"

The C compiler identification is Clang, found in "/Users/Gavin/Documents/Course/Stanford/StanfordCourse/github/ycm_build/CMakeFiles/2.8.11.2/CompilerIdC/a.out"

Compiling the CXX compiler identification source file "CMakeCXXCompilerId.cpp" succeeded.
Compiler: /usr/bin/c++ 
Build flags: 
Id flags: 

The output was:
0


Compilation of the CXX compiler identification source "CMakeCXXCompilerId.cpp" produced "a.out"

The CXX compiler identification is Clang, found in "/Users/Gavin/Documents/Course/Stanford/StanfordCourse/github/ycm_build/CMakeFiles/2.8.11.2/CompilerIdCXX/a.out"

Determining if the C compiler works passed with the following output:
Change Dir: /Users/Gavin/Documents/Course/Stanford/StanfordCourse/github/ycm_build/CMakeFiles/CMakeTmp

Run Build Command:/usr/bin/make "cmTryCompileExec492712541/fast"
/usr/bin/make -f CMakeFiles/cmTryCompileExec492712541.dir/build.make CMakeFiles/cmTryCompileExec492712541.dir/build
/usr/local/Cellar/cmake/2.8.11.2/bin/cmake -E cmake_progress_report /Users/Gavin/Documents/Course/Stanford/StanfordCourse/github/ycm_build/CMakeFiles/CMakeTmp/CMakeFiles 1
Building C object CMakeFiles/cmTryCompileExec492712541.dir/testCCompiler.c.o
/usr/bin/cc    -o CMakeFiles/cmTryCompileExec492712541.dir/testCCompiler.c.o   -c /Users/Gavin/Documents/Course/Stanford/StanfordCourse/github/ycm_build/CMakeFiles/CMakeTmp/testCCompiler.c
Linking C executable cmTryCompileExec492712541
/usr/local/Cellar/cmake/2.8.11.2/bin/cmake -E cmake_link_script CMakeFiles/cmTryCompileExec492712541.dir/link.txt --verbose=1
/usr/bin/cc      -Wl,-search_paths_first -Wl,-headerpad_max_install_names   CMakeFiles/cmTryCompileExec492712541.dir/testCCompiler.c.o  -o cmTryCompileExec492712541  


Detecting C compiler ABI info compiled with the following output:
Change Dir: /Users/Gavin/Documents/Course/Stanford/StanfordCourse/github/ycm_build/CMakeFiles/CMakeTmp

Run Build Command:/usr/bin/make "cmTryCompileExec3373634808/fast"
/usr/bin/make -f CMakeFiles/cmTryCompileExec3373634808.dir/build.make CMakeFiles/cmTryCompileExec3373634808.dir/build
/usr/local/Cellar/cmake/2.8.11.2/bin/cmake -E cmake_progress_report /Users/Gavin/Documents/Course/Stanford/StanfordCourse/github/ycm_build/CMakeFiles/CMakeTmp/CMakeFiles 1
Building C object CMakeFiles/cmTryCompileExec3373634808.dir/CMakeCCompilerABI.c.o
/usr/bin/cc    -o CMakeFiles/cmTryCompileExec3373634808.dir/CMakeCCompilerABI.c.o   -c /usr/local/Cellar/cmake/2.8.11.2/share/cmake/Modules/CMakeCCompilerABI.c
Linking C executable cmTryCompileExec3373634808
/usr/local/Cellar/cmake/2.8.11.2/bin/cmake -E cmake_link_script CMakeFiles/cmTryCompileExec3373634808.dir/link.txt --verbose=1
/usr/bin/cc      -Wl,-search_paths_first -Wl,-headerpad_max_install_names -v -Wl,-v CMakeFiles/cmTryCompileExec3373634808.dir/CMakeCCompilerABI.c.o  -o cmTryCompileExec3373634808   
Apple clang version 4.1 (tags/Apple/clang-421.11.66) (based on LLVM 3.1svn)
Target: x86_64-apple-darwin12.5.0
Thread model: posix
 "/usr/bin/ld" -demangle -dynamic -arch x86_64 -macosx_version_min 10.8.0 -o cmTryCompileExec3373634808 -search_paths_first -headerpad_max_install_names -v CMakeFiles/cmTryCompileExec3373634808.dir/CMakeCCompilerABI.c.o -lSystem /usr/bin/../lib/clang/4.1/lib/darwin/libclang_rt.osx.a
@(#)PROGRAM:ld  PROJECT:ld64-134.9
configured to support archs: armv6 armv7 armv7s i386 x86_64
Library search paths:
	/usr/lib
	/usr/local/lib
Framework search paths:
	/Library/Frameworks/
	/System/Library/Frameworks/


Parsed C implicit link information from above output:
  link line regex: [^( *|.*[/\])(ld|ld|collect2)[^/\]*( |$)]
  ignore line: [Change Dir: /Users/Gavin/Documents/Course/Stanford/StanfordCourse/github/ycm_build/CMakeFiles/CMakeTmp]
  ignore line: []
  ignore line: [Run Build Command:/usr/bin/make "cmTryCompileExec3373634808/fast"]
  ignore line: [/usr/bin/make -f CMakeFiles/cmTryCompileExec3373634808.dir/build.make CMakeFiles/cmTryCompileExec3373634808.dir/build]
  ignore line: [/usr/local/Cellar/cmake/2.8.11.2/bin/cmake -E cmake_progress_report /Users/Gavin/Documents/Course/Stanford/StanfordCourse/github/ycm_build/CMakeFiles/CMakeTmp/CMakeFiles 1]
  ignore line: [Building C object CMakeFiles/cmTryCompileExec3373634808.dir/CMakeCCompilerABI.c.o]
  ignore line: [/usr/bin/cc    -o CMakeFiles/cmTryCompileExec3373634808.dir/CMakeCCompilerABI.c.o   -c /usr/local/Cellar/cmake/2.8.11.2/share/cmake/Modules/CMakeCCompilerABI.c]
  ignore line: [Linking C executable cmTryCompileExec3373634808]
  ignore line: [/usr/local/Cellar/cmake/2.8.11.2/bin/cmake -E cmake_link_script CMakeFiles/cmTryCompileExec3373634808.dir/link.txt --verbose=1]
  ignore line: [/usr/bin/cc      -Wl,-search_paths_first -Wl,-headerpad_max_install_names -v -Wl,-v CMakeFiles/cmTryCompileExec3373634808.dir/CMakeCCompilerABI.c.o  -o cmTryCompileExec3373634808   ]
  ignore line: [Apple clang version 4.1 (tags/Apple/clang-421.11.66) (based on LLVM 3.1svn)]
  ignore line: [Target: x86_64-apple-darwin12.5.0]
  ignore line: [Thread model: posix]
  link line: [ "/usr/bin/ld" -demangle -dynamic -arch x86_64 -macosx_version_min 10.8.0 -o cmTryCompileExec3373634808 -search_paths_first -headerpad_max_install_names -v CMakeFiles/cmTryCompileExec3373634808.dir/CMakeCCompilerABI.c.o -lSystem /usr/bin/../lib/clang/4.1/lib/darwin/libclang_rt.osx.a]
    arg [/usr/bin/ld] ==> ignore
    arg [-demangle] ==> ignore
    arg [-dynamic] ==> ignore
    arg [-arch] ==> ignore
    arg [x86_64] ==> ignore
    arg [-macosx_version_min] ==> ignore
    arg [10.8.0] ==> ignore
    arg [-o] ==> ignore
    arg [cmTryCompileExec3373634808] ==> ignore
    arg [-search_paths_first] ==> ignore
    arg [-headerpad_max_install_names] ==> ignore
    arg [-v] ==> ignore
    arg [CMakeFiles/cmTryCompileExec3373634808.dir/CMakeCCompilerABI.c.o] ==> ignore
    arg [-lSystem] ==> lib [System]
    arg [/usr/bin/../lib/clang/4.1/lib/darwin/libclang_rt.osx.a] ==> lib [/usr/bin/../lib/clang/4.1/lib/darwin/libclang_rt.osx.a]
  Library search paths: [;/usr/lib;/usr/local/lib]
  Framework search paths: [;/Library/Frameworks/;/System/Library/Frameworks/]
  remove lib [System]
  collapse lib [/usr/bin/../lib/clang/4.1/lib/darwin/libclang_rt.osx.a] ==> [/usr/lib/clang/4.1/lib/darwin/libclang_rt.osx.a]
  collapse library dir [/usr/lib] ==> [/usr/lib]
  collapse library dir [/usr/local/lib] ==> [/usr/local/lib]
  collapse framework dir [/Library/Frameworks/] ==> [/Library/Frameworks]
  collapse framework dir [/System/Library/Frameworks/] ==> [/System/Library/Frameworks]
  implicit libs: [/usr/lib/clang/4.1/lib/darwin/libclang_rt.osx.a]
  implicit dirs: [/usr/lib;/usr/local/lib]
  implicit fwks: [/Library/Frameworks;/System/Library/Frameworks]


Determining if the CXX compiler works passed with the following output:
Change Dir: /Users/Gavin/Documents/Course/Stanford/StanfordCourse/github/ycm_build/CMakeFiles/CMakeTmp

Run Build Command:/usr/bin/make "cmTryCompileExec3429869484/fast"
/usr/bin/make -f CMakeFiles/cmTryCompileExec3429869484.dir/build.make CMakeFiles/cmTryCompileExec3429869484.dir/build
/usr/local/Cellar/cmake/2.8.11.2/bin/cmake -E cmake_progress_report /Users/Gavin/Documents/Course/Stanford/StanfordCourse/github/ycm_build/CMakeFiles/CMakeTmp/CMakeFiles 1
Building CXX object CMakeFiles/cmTryCompileExec3429869484.dir/testCXXCompiler.cxx.o
/usr/bin/c++     -o CMakeFiles/cmTryCompileExec3429869484.dir/testCXXCompiler.cxx.o -c /Users/Gavin/Documents/Course/Stanford/StanfordCourse/github/ycm_build/CMakeFiles/CMakeTmp/testCXXCompiler.cxx
Linking CXX executable cmTryCompileExec3429869484
/usr/local/Cellar/cmake/2.8.11.2/bin/cmake -E cmake_link_script CMakeFiles/cmTryCompileExec3429869484.dir/link.txt --verbose=1
/usr/bin/c++       -Wl,-search_paths_first -Wl,-headerpad_max_install_names   CMakeFiles/cmTryCompileExec3429869484.dir/testCXXCompiler.cxx.o  -o cmTryCompileExec3429869484  


Detecting CXX compiler ABI info compiled with the following output:
Change Dir: /Users/Gavin/Documents/Course/Stanford/StanfordCourse/github/ycm_build/CMakeFiles/CMakeTmp

Run Build Command:/usr/bin/make "cmTryCompileExec1417477198/fast"
/usr/bin/make -f CMakeFiles/cmTryCompileExec1417477198.dir/build.make CMakeFiles/cmTryCompileExec1417477198.dir/build
/usr/local/Cellar/cmake/2.8.11.2/bin/cmake -E cmake_progress_report /Users/Gavin/Documents/Course/Stanford/StanfordCourse/github/ycm_build/CMakeFiles/CMakeTmp/CMakeFiles 1
Building CXX object CMakeFiles/cmTryCompileExec1417477198.dir/CMakeCXXCompilerABI.cpp.o
/usr/bin/c++     -o CMakeFiles/cmTryCompileExec1417477198.dir/CMakeCXXCompilerABI.cpp.o -c /usr/local/Cellar/cmake/2.8.11.2/share/cmake/Modules/CMakeCXXCompilerABI.cpp
Linking CXX executable cmTryCompileExec1417477198
/usr/local/Cellar/cmake/2.8.11.2/bin/cmake -E cmake_link_script CMakeFiles/cmTryCompileExec1417477198.dir/link.txt --verbose=1
/usr/bin/c++       -Wl,-search_paths_first -Wl,-headerpad_max_install_names -v -Wl,-v CMakeFiles/cmTryCompileExec1417477198.dir/CMakeCXXCompilerABI.cpp.o  -o cmTryCompileExec1417477198   
Apple clang version 4.1 (tags/Apple/clang-421.11.66) (based on LLVM 3.1svn)
Target: x86_64-apple-darwin12.5.0
Thread model: posix
 "/usr/bin/ld" -demangle -dynamic -arch x86_64 -macosx_version_min 10.8.0 -o cmTryCompileExec1417477198 -search_paths_first -headerpad_max_install_names -v CMakeFiles/cmTryCompileExec1417477198.dir/CMakeCXXCompilerABI.cpp.o -lstdc++ -lSystem /usr/bin/../lib/clang/4.1/lib/darwin/libclang_rt.osx.a
@(#)PROGRAM:ld  PROJECT:ld64-134.9
configured to support archs: armv6 armv7 armv7s i386 x86_64
Library search paths:
	/usr/lib
	/usr/local/lib
Framework search paths:
	/Library/Frameworks/
	/System/Library/Frameworks/


Parsed CXX implicit link information from above output:
  link line regex: [^( *|.*[/\])(ld|ld|collect2)[^/\]*( |$)]
  ignore line: [Change Dir: /Users/Gavin/Documents/Course/Stanford/StanfordCourse/github/ycm_build/CMakeFiles/CMakeTmp]
  ignore line: []
  ignore line: [Run Build Command:/usr/bin/make "cmTryCompileExec1417477198/fast"]
  ignore line: [/usr/bin/make -f CMakeFiles/cmTryCompileExec1417477198.dir/build.make CMakeFiles/cmTryCompileExec1417477198.dir/build]
  ignore line: [/usr/local/Cellar/cmake/2.8.11.2/bin/cmake -E cmake_progress_report /Users/Gavin/Documents/Course/Stanford/StanfordCourse/github/ycm_build/CMakeFiles/CMakeTmp/CMakeFiles 1]
  ignore line: [Building CXX object CMakeFiles/cmTryCompileExec1417477198.dir/CMakeCXXCompilerABI.cpp.o]
  ignore line: [/usr/bin/c++     -o CMakeFiles/cmTryCompileExec1417477198.dir/CMakeCXXCompilerABI.cpp.o -c /usr/local/Cellar/cmake/2.8.11.2/share/cmake/Modules/CMakeCXXCompilerABI.cpp]
  ignore line: [Linking CXX executable cmTryCompileExec1417477198]
  ignore line: [/usr/local/Cellar/cmake/2.8.11.2/bin/cmake -E cmake_link_script CMakeFiles/cmTryCompileExec1417477198.dir/link.txt --verbose=1]
  ignore line: [/usr/bin/c++       -Wl,-search_paths_first -Wl,-headerpad_max_install_names -v -Wl,-v CMakeFiles/cmTryCompileExec1417477198.dir/CMakeCXXCompilerABI.cpp.o  -o cmTryCompileExec1417477198   ]
  ignore line: [Apple clang version 4.1 (tags/Apple/clang-421.11.66) (based on LLVM 3.1svn)]
  ignore line: [Target: x86_64-apple-darwin12.5.0]
  ignore line: [Thread model: posix]
  link line: [ "/usr/bin/ld" -demangle -dynamic -arch x86_64 -macosx_version_min 10.8.0 -o cmTryCompileExec1417477198 -search_paths_first -headerpad_max_install_names -v CMakeFiles/cmTryCompileExec1417477198.dir/CMakeCXXCompilerABI.cpp.o -lstdc++ -lSystem /usr/bin/../lib/clang/4.1/lib/darwin/libclang_rt.osx.a]
    arg [/usr/bin/ld] ==> ignore
    arg [-demangle] ==> ignore
    arg [-dynamic] ==> ignore
    arg [-arch] ==> ignore
    arg [x86_64] ==> ignore
    arg [-macosx_version_min] ==> ignore
    arg [10.8.0] ==> ignore
    arg [-o] ==> ignore
    arg [cmTryCompileExec1417477198] ==> ignore
    arg [-search_paths_first] ==> ignore
    arg [-headerpad_max_install_names] ==> ignore
    arg [-v] ==> ignore
    arg [CMakeFiles/cmTryCompileExec1417477198.dir/CMakeCXXCompilerABI.cpp.o] ==> ignore
    arg [-lstdc++] ==> lib [stdc++]
    arg [-lSystem] ==> lib [System]
    arg [/usr/bin/../lib/clang/4.1/lib/darwin/libclang_rt.osx.a] ==> lib [/usr/bin/../lib/clang/4.1/lib/darwin/libclang_rt.osx.a]
  Library search paths: [;/usr/lib;/usr/local/lib]
  Framework search paths: [;/Library/Frameworks/;/System/Library/Frameworks/]
  remove lib [System]
  collapse lib [/usr/bin/../lib/clang/4.1/lib/darwin/libclang_rt.osx.a] ==> [/usr/lib/clang/4.1/lib/darwin/libclang_rt.osx.a]
  collapse library dir [/usr/lib] ==> [/usr/lib]
  collapse library dir [/usr/local/lib] ==> [/usr/local/lib]
  collapse framework dir [/Library/Frameworks/] ==> [/Library/Frameworks]
  collapse framework dir [/System/Library/Frameworks/] ==> [/System/Library/Frameworks]
  implicit libs: [stdc++;/usr/lib/clang/4.1/lib/darwin/libclang_rt.osx.a]
  implicit dirs: [/usr/lib;/usr/local/lib]
  implicit fwks: [/Library/Frameworks;/System/Library/Frameworks]


Determining if files pthread.h exist passed with the following output:
Change Dir: /Users/Gavin/Documents/Course/Stanford/StanfordCourse/github/ycm_build/CMakeFiles/CMakeTmp

Run Build Command:/usr/bin/make "cmTryCompileExec716766664/fast"
/usr/bin/make -f CMakeFiles/cmTryCompileExec716766664.dir/build.make CMakeFiles/cmTryCompileExec716766664.dir/build
/usr/local/Cellar/cmake/2.8.11.2/bin/cmake -E cmake_progress_report /Users/Gavin/Documents/Course/Stanford/StanfordCourse/github/ycm_build/CMakeFiles/CMakeTmp/CMakeFiles 1
Building C object CMakeFiles/cmTryCompileExec716766664.dir/CheckIncludeFiles.c.o
/usr/bin/cc    -o CMakeFiles/cmTryCompileExec716766664.dir/CheckIncludeFiles.c.o   -c /Users/Gavin/Documents/Course/Stanford/StanfordCourse/github/ycm_build/CMakeFiles/CMakeTmp/CheckIncludeFiles.c
Linking C executable cmTryCompileExec716766664
/usr/local/Cellar/cmake/2.8.11.2/bin/cmake -E cmake_link_script CMakeFiles/cmTryCompileExec716766664.dir/link.txt --verbose=1
/usr/bin/cc      -Wl,-search_paths_first -Wl,-headerpad_max_install_names   CMakeFiles/cmTryCompileExec716766664.dir/CheckIncludeFiles.c.o  -o cmTryCompileExec716766664  


Determining if the pthread_create exist passed with the following output:
Change Dir: /Users/Gavin/Documents/Course/Stanford/StanfordCourse/github/ycm_build/CMakeFiles/CMakeTmp

Run Build Command:/usr/bin/make "cmTryCompileExec3477848681/fast"
/usr/bin/make -f CMakeFiles/cmTryCompileExec3477848681.dir/build.make CMakeFiles/cmTryCompileExec3477848681.dir/build
/usr/local/Cellar/cmake/2.8.11.2/bin/cmake -E cmake_progress_report /Users/Gavin/Documents/Course/Stanford/StanfordCourse/github/ycm_build/CMakeFiles/CMakeTmp/CMakeFiles 1
Building C object CMakeFiles/cmTryCompileExec3477848681.dir/CheckSymbolExists.c.o
/usr/bin/cc    -o CMakeFiles/cmTryCompileExec3477848681.dir/CheckSymbolExists.c.o   -c /Users/Gavin/Documents/Course/Stanford/StanfordCourse/github/ycm_build/CMakeFiles/CMakeTmp/CheckSymbolExists.c
Linking C executable cmTryCompileExec3477848681
/usr/local/Cellar/cmake/2.8.11.2/bin/cmake -E cmake_link_script CMakeFiles/cmTryCompileExec3477848681.dir/link.txt --verbose=1
/usr/bin/cc      -Wl,-search_paths_first -Wl,-headerpad_max_install_names   CMakeFiles/cmTryCompileExec3477848681.dir/CheckSymbolExists.c.o  -o cmTryCompileExec3477848681  

File /Users/Gavin/Documents/Course/Stanford/StanfordCourse/github/ycm_build/CMakeFiles/CMakeTmp/CheckSymbolExists.c:
/* */
#include <pthread.h>

int main(int argc, char** argv)
{
  (void)argv;
#ifndef pthread_create
  return ((int*)(&pthread_create))[argc];
#else
  (void)argc;
  return 0;
#endif
}

